{"C:\\Users\\david.gjunior\\Documents\\teste\\validador.js": {"path":"C:\\Users\\david.gjunior\\Documents\\teste\\validador.js","statementMap":{"0":{"start":{"line":2,"column":18},"end":{"line":2,"column":46}},"1":{"start":{"line":3,"column":4},"end":{"line":3,"column":29}},"2":{"start":{"line":6,"column":0},"end":{"line":6,"column":30}}},"fnMap":{"0":{"name":"isValidEmail","decl":{"start":{"line":1,"column":9},"end":{"line":1,"column":21}},"loc":{"start":{"line":1,"column":29},"end":{"line":4,"column":1}},"line":1}},"branchMap":{},"s":{"0":3,"1":3,"2":1},"f":{"0":3},"b":{},"_coverageSchema":"1a1c01bbd47fc00a2c39e90264f33305004495a9","hash":"618ad7512c0158216d3c48728672f0e6c312262d"}
}
